# JMH version: 1.21
# VM version: JDK 1.8.0_212, OpenJDK GraalVM CE 19.0.0, 25.212-b03-jvmci-19-b01
# VM invoker: /Users/qwwdfsad/workspace/graalvm-ce-19.0.0/Contents/Home/jre/bin/java
# VM options: -XX:+PrintCompilation
# Warmup: 7 iterations, 1 s each
# Measurement: 7 iterations, 1 s each
# Timeout: 10 min per iteration
# Threads: 1 thread, will synchronize iterations
# Benchmark mode: Average time, time/op
# Benchmark: flow.FlowBenchmark.flowBaseline

# Run progress: 0.00% complete, ETA 00:00:14
# Fork: 1 of 1
     49    1     n 0       java.lang.System::arraycopy (native)   (static)
     50    2       3       java.lang.String::hashCode (55 bytes)
     51    3       3       java.lang.Math::min (11 bytes)
     53    4       3       java.lang.String::charAt (29 bytes)
     53    6       3       java.lang.String::indexOf (70 bytes)
     53    5       3       java.lang.String::length (6 bytes)
     53    8       3       java.lang.Object::<init> (1 bytes)
     53    7       3       java.lang.AbstractStringBuilder::ensureCapacityInternal (27 bytes)
     54    9       3       java.lang.String::equals (81 bytes)
     61   10       3       java.lang.AbstractStringBuilder::append (50 bytes)
     61   11       3       java.lang.String::getChars (62 bytes)
     62   12       3       java.util.jar.Attributes$Name::isValid (32 bytes)
     63   13       3       java.util.jar.Attributes$Name::isAlpha (30 bytes)
     63   14       3       java.lang.String::<init> (82 bytes)
     63   15       3       java.lang.String::indexOf (7 bytes)
     65   16       1       java.lang.ref.Reference::get (5 bytes)
     69   17       3       java.lang.CharacterData::of (120 bytes)
     69   18       3       java.lang.CharacterDataLatin1::getProperties (11 bytes)
     69   19       3       java.lang.Character::toUpperCaseEx (30 bytes)
     69   20       3       java.lang.CharacterDataLatin1::toUpperCaseEx (71 bytes)
     69   21       4       java.lang.CharacterDataLatin1::getProperties (11 bytes)
     73   22       3       java.util.Arrays::copyOfRange (63 bytes)
     73   23       3       java.lang.String::startsWith (72 bytes)
     74   24       3       java.lang.System::getSecurityManager (4 bytes)
     74   25       1       java.lang.ThreadLocal::access$400 (5 bytes)
     75   26       3       java.lang.String::lastIndexOf (52 bytes)
     75   27       3       java.util.HashMap::hash (20 bytes)
     76   28       4       java.lang.Object::<init> (1 bytes)
     76   29     n 0       sun.misc.Unsafe::getObjectVolatile (native)   
     76   30       3       java.util.concurrent.ConcurrentHashMap::tabAt (21 bytes)
     79   31       4       java.lang.String::charAt (29 bytes)
     79   32       3       java.lang.StringBuilder::append (8 bytes)
     80   34       3       java.net.URI$Parser::charAt (9 bytes)
     80   33       3       java.lang.AbstractStringBuilder::append (29 bytes)
     84   35       3       java.net.URI::access$300 (7 bytes)
     84   36       3       java.net.URI::match (56 bytes)
     87   37       3       sun.nio.fs.UnixUriUtils::match (50 bytes)
     89   39       3       java.io.DataOutputStream::writeUTF (435 bytes)
     92   40       3       java.lang.Number::<init> (5 bytes)
     93   41       3       java.lang.Byte::<init> (10 bytes)
     93   42       3       java.lang.Short::<init> (10 bytes)
     94   43       3       java.lang.Long::<init> (10 bytes)
     94   44       1       java.lang.Class::getClassLoader0 (5 bytes)
     94   45       3       sun.nio.cs.UTF_8$Encoder::encode (359 bytes)
     95   48     n 0       java.lang.invoke.MethodHandle::linkToStatic(LLLLLLL)L (native)   (static)
     95   46       3       java.lang.String::endsWith (17 bytes)
     95   47       3       java.lang.AbstractStringBuilder::newCapacity (39 bytes)
     96   49       1       java.net.URL::getProtocol (5 bytes)
     96   50       3       java.lang.ref.Reference::<init> (25 bytes)
     97   51       3       java.lang.StringBuilder::append (8 bytes)
     97   52     n 0       java.lang.Object::hashCode (native)   
     97   53     n 0       java.lang.invoke.MethodHandle::linkToStatic(LLLL)L (native)   (static)
     98   54       1       java.lang.reflect.Method::getName (5 bytes)
     98   55     n 0       java.lang.invoke.MethodHandle::linkToStatic(LL)L (native)   (static)
     98   56  s    1       java.util.Vector::size (5 bytes)
     98   57       3       java.lang.Character::toLowerCase (6 bytes)
     98   58       3       java.lang.Character::toLowerCase (9 bytes)
     99   61       1       java.util.ArrayList::size (5 bytes)
     99   62       3       java.lang.String::toUpperCase (439 bytes)
     99   65     n 0       sun.misc.Unsafe::putObjectVolatile (native)   
    100   66       1       sun.util.locale.BaseLocale::getLanguage (5 bytes)
    100   64       3       java.util.concurrent.ConcurrentHashMap::setTabAt (19 bytes)
    100   67       1       java.net.URL::getPath (5 bytes)
    101   68       1       java.net.URL::getHost (5 bytes)
    101   69       1       java.net.URL::getAuthority (5 bytes)
    101   70       3       java.util.Arrays::copyOf (19 bytes)
    101   72     n 0       sun.misc.Unsafe::compareAndSwapObject (native)   
    101   73     n 0       java.lang.invoke.MethodHandle::linkToStatic(LL)V (native)   (static)
    101   71       3       java.util.concurrent.ConcurrentHashMap::spread (10 bytes)
    101   74       3       java.lang.AbstractStringBuilder::<init> (12 bytes)
    102   75       3       java.lang.String::replace (127 bytes)
    102   77     n 0       java.lang.invoke.MethodHandle::linkToStatic(LL)J (native)   (static)
    102   76       3       java.util.Arrays::copyOf (19 bytes)
    102   78       3       java.util.Objects::requireNonNull (14 bytes)
    102   79     n 0       java.lang.invoke.MethodHandle::linkToStatic(LLL)L (native)   (static)
    102   80       1       java.lang.Enum::ordinal (5 bytes)
    103   81       3       java.lang.String::lastIndexOf (13 bytes)
    103   82     n 0       java.lang.invoke.MethodHandle::linkToVirtual(LLL)L (native)   (static)
    103   83       3       java.lang.StringBuilder::toString (17 bytes)
    103   84       3       java.lang.Class::getClassLoader (28 bytes)
    104   85       3       java.lang.invoke.MemberName::testFlags (16 bytes)
    104   86       3       java.lang.String::substring (79 bytes)
    104   88       3       java.util.concurrent.ConcurrentHashMap$Node::<init> (26 bytes)
    104   87       1       java.lang.invoke.MethodType::returnType (5 bytes)
    104   89       1       java.lang.invoke.MemberName::getDeclaringClass (5 bytes)
    105   90       1       java.net.URL::getRef (5 bytes)
    105   91       3       jdk.internal.org.objectweb.asm.ByteVector::putUTF8 (142 bytes)
    105   92     n 0       java.lang.Thread::currentThread (native)   (static)
    105   95       3       jdk.internal.org.objectweb.asm.ClassWriter::get (49 bytes)
    106   94       3       jdk.internal.org.objectweb.asm.Item::set (143 bytes)
    106   93     n 0       java.lang.System::nanoTime (native)   (static)
    107   96       3       jdk.internal.org.objectweb.asm.ByteVector::putShort (52 bytes)
    107   97       3       java.lang.String::indexOf (166 bytes)
    107   98       3       jdk.internal.org.objectweb.asm.Item::<init> (66 bytes)
    108   99       1       java.net.URL::getFile (5 bytes)
    108  101       3       jdk.internal.org.objectweb.asm.ClassWriter::newUTF8 (70 bytes)
    108  102       3       java.lang.invoke.MemberName::isInvocable (7 bytes)
    108  103       3       java.lang.String::<init> (10 bytes)
    109  100       1       java.lang.invoke.MethodType$ConcurrentWeakInternSet$WeakEntry::hashCode (5 bytes)
    109  104       3       java.lang.Class::getName (21 bytes)
    109  105       3       java.lang.ClassLoader::checkName (43 bytes)
    109  106       3       sun.misc.VM::allowArraySyntax (4 bytes)
    109  107       3       java.nio.Buffer::checkIndex (22 bytes)
    110  108       3       java.util.concurrent.ConcurrentHashMap::putIfAbsent (8 bytes)
    110  109       1       java.util.SubList::access$000 (5 bytes)
    110  110       1       java.util.AbstractList$ListItr::nextIndex (5 bytes)
    110  112     n 0       java.lang.Class::isPrimitive (native)   
    110  111       1       java.util.SubList::access$200 (5 bytes)
    110  113       1       java.security.ProtectionDomain::getCodeSource (5 bytes)
    111  115       3       java.lang.ref.Reference::<init> (7 bytes)
    111  117       3       java.util.concurrent.ConcurrentHashMap::casTabAt (20 bytes)
    111  116       1       java.util.ArrayList::access$000 (5 bytes)
    112  118       3       java.lang.String::startsWith (7 bytes)
    112  119   !   3       java.lang.ClassLoader::loadClass (122 bytes)
    112  121     n 0       java.lang.Object::getClass (native)   
    113  123     n 0       java.lang.invoke.MethodHandle::linkToStatic(LLL)V (native)   (static)
    113  122   !   3       java.util.concurrent.ConcurrentHashMap::putVal (362 bytes)
    114  127     n 0       java.lang.invoke.MethodHandle::linkToVirtual(LL)L (native)   (static)
    114  125       3       jdk.internal.org.objectweb.asm.ClassWriter::put (152 bytes)
    115  129     n 0       java.lang.invoke.MethodHandle::invokeBasic(L)L (native)   
    115  130     n 0       java.lang.invoke.MethodHandle::linkToSpecial(LLL)L (native)   (static)
    115  126   !   3       java.lang.ref.ReferenceQueue::poll (28 bytes)
    115  128       3       jdk.internal.org.objectweb.asm.ByteVector::putByte (39 bytes)
    115  124       3       java.nio.charset.CharsetEncoder::reset (11 bytes)
    115  131     n 0       java.lang.Object::clone (native)   
    115  120       3       java.lang.ClassLoader::getClassLoadingLock (35 bytes)
    116  132     n 0       java.lang.invoke.MethodHandle::linkToStatic(L)L (native)   (static)
    116  133     n 0       java.lang.invoke.MethodHandle::invokeBasic()L (native)   
    116  134       1       java.lang.invoke.MethodType::form (5 bytes)
    116  135     n 0       java.lang.invoke.MethodHandle::linkToSpecial(LL)L (native)   (static)
    116  136       3       jdk.internal.org.objectweb.asm.ByteVector::put12 (64 bytes)
    117  138     n 0       java.lang.invoke.MethodHandle::invokeBasic(LL)L (native)   
    117  137       1       java.lang.invoke.MethodType::ptypes (5 bytes)
    117  140     n 0       java.lang.invoke.MethodHandle::linkToSpecial(LLLL)L (native)   (static)
    117  139       3       java.lang.Object::equals (11 bytes)
    117  141       3       java.util.concurrent.ConcurrentHashMap::get (162 bytes)
    117  145     n 0       java.lang.invoke.MethodHandle::invokeBasic(LLL)L (native)   
    117  146     n 0       java.lang.invoke.MethodHandle::linkToSpecial(LLLLL)L (native)   (static)
    117  144       3       java.lang.CharacterDataLatin1::toLowerCase (39 bytes)
    117  147     n 0       java.lang.Class::isArray (native)   
    118  142       3       java.lang.StringBuilder::<init> (7 bytes)
    118  148       3       java.lang.invoke.MemberName::isConstructor (7 bytes)
    118  143       1       java.lang.invoke.LambdaForm$Name::index (5 bytes)
    118  149       1       sun.invoke.util.Wrapper::basicTypeChar (5 bytes)
    118  150     n 0       java.lang.invoke.MethodHandle::linkToStatic(LLLLL)L (native)   (static)
    118  151       3       java.lang.invoke.MethodType::makeImpl (66 bytes)
    118  157     n 0       java.lang.invoke.MethodHandle::invokeBasic(LLLL)L (native)   
    118  158     n 0       java.lang.invoke.MethodHandle::linkToSpecial(LLLLLL)L (native)   (static)
    119  155       3       java.lang.String::toCharArray (25 bytes)
    119  152       3       java.lang.invoke.MethodType::<init> (15 bytes)
    119  153       1       java.lang.invoke.LambdaForm$Name::type (5 bytes)
    119  154       1       sun.misc.URLClassPath$JarLoader::access$700 (5 bytes)
    119  160       1       java.lang.invoke.LambdaForm$Name::access$000 (5 bytes)
    119  165     n 0       java.lang.invoke.MethodHandle::linkToStatic(LLLLLL)L (native)   (static)
    119  164       3       java.lang.invoke.MethodType::checkSlotCount (33 bytes)
    119  167     n 0       java.lang.invoke.MethodHandle::invokeBasic(LLLLL)L (native)   
    119  166   !   3       java.lang.invoke.MemberName::getMethodType (208 bytes)
    119  168     n 0       java.lang.invoke.MethodHandle::linkToSpecial(LLLLLLL)L (native)   (static)
    120  170     n 0       java.lang.invoke.MethodHandle::invokeBasic(LLLLLL)L (native)   
    120  171     n 0       java.lang.invoke.MethodHandle::linkToSpecial(LLLLLLLL)L (native)   (static)
    120  169       3       java.lang.invoke.MemberName::isStatic (8 bytes)
    120  161       1       java.lang.invoke.LambdaForm$BasicType::basicTypeChar (5 bytes)
    120  162       1       java.lang.invoke.LambdaForm$BasicType::access$100 (5 bytes)
    121  174       3       java.lang.invoke.MethodType::hashCode (53 bytes)
    121  163       1       java.lang.invoke.LambdaForm$BasicType::basicTypeClass (5 bytes)
    121  175     n 0       java.lang.invoke.MethodHandle::linkToStatic(LLLLLLLL)L (native)   (static)
    121  172       3       java.lang.invoke.MethodType::parameterType (7 bytes)
    121  173       3       java.nio.DirectLongBufferU::ix (10 bytes)
    121  156       1       java.net.URL::getQuery (5 bytes)
    121  176  s    3       java.lang.StringBuffer::append (13 bytes)
    121  177     n 0       java.lang.invoke.MethodHandle::invokeBasic(LLLLLLL)L (native)   
    121  179     n 0       java.lang.invoke.MethodHandle::linkToSpecial(LLLLLLLLL)L (native)   (static)
    121  178       3       java.lang.invoke.MethodType::checkPtype (19 bytes)
    122  180       3       java.lang.invoke.MethodTypeForm::canonicalize (233 bytes)
    122  186     n 0       java.lang.invoke.MethodHandle::linkToStatic(LLLLLLLLL)L (native)   (static)
    122  182       3       java.lang.invoke.InvokerBytecodeGenerator::isStaticallyNameable (116 bytes)
    122  188     n 0       java.lang.invoke.MethodHandle::invokeBasic(LLLLLLLL)L (native)   
    122  189     n 0       java.lang.invoke.MethodHandle::linkToSpecial(LLLLLLLLLL)L (native)   (static)
    123  190     n 0       java.lang.invoke.MethodHandle::linkToStatic(LLLLLLLLLL)L (native)   (static)
    123  191     n 0       java.lang.invoke.MethodHandle::invokeBasic(LLLLLLLLL)L (native)   
    123  192     n 0       java.lang.invoke.MethodHandle::linkToSpecial(LLLLLLLLLLL)L (native)   (static)
    124  187       3       java.lang.invoke.LambdaForm$BasicType::basicType (19 bytes)
    124  184       3       java.lang.invoke.MemberName::getMethodOrFieldType (72 bytes)
    124  194     n 0       java.lang.invoke.MethodHandle::linkToStatic(LLLLLLLLLLL)L (native)   (static)
    124  196     n 0       java.lang.invoke.MethodHandle::invokeBasic(LLLLLLLLLL)L (native)   
    124  197     n 0       java.lang.invoke.MethodHandle::linkToSpecial(LLLLLLLLLLLL)L (native)   (static)
    125  181       3       java.lang.invoke.MemberName::getInvocationType (56 bytes)
    125  195   !   3       java.util.AbstractList$Itr::next (45 bytes)
    126  198       3       jdk.internal.org.objectweb.asm.Item::isEqualTo (354 bytes)
    126  204     n 0       java.lang.invoke.MethodHandle::linkToStatic(LLLLLLLLLLLL)L (native)   (static)
    126  201       3       java.lang.invoke.MethodType$ConcurrentWeakInternSet::expungeStaleElements (27 bytes)
    127  200       3       java.lang.invoke.MethodType$ConcurrentWeakInternSet$WeakEntry::<init> (14 bytes)
    127  205     n 0       java.lang.invoke.MethodHandle::linkToStatic(LLLLLLLLLLLLL)L (native)   (static)
    127  203       3       java.lang.invoke.MemberName::testAllFlags (7 bytes)
    127  199       3       jdk.internal.org.objectweb.asm.Frame::execute (2252 bytes)
    128  207     n 0       java.lang.invoke.MethodHandle::linkToStatic(LIL)V (native)   (static)
    128  208     n 0       java.lang.invoke.MethodHandle::linkToStatic(ILL)I (native)   (static)
    130   18       3       java.lang.CharacterDataLatin1::getProperties (11 bytes)   made not entrant
    130    4       3       java.lang.String::charAt (29 bytes)   made not entrant
    130  210     n 0       java.lang.invoke.MethodHandle::linkToStatic(ILLL)L (native)   (static)
    130  114       4       java.lang.String::indexOf (70 bytes)
    130  159       4       java.lang.String::hashCode (55 bytes)
    131  211     n 0       java.lang.invoke.MethodHandle::invokeBasic(ILL)L (native)   
    131  212     n 0       java.lang.invoke.MethodHandle::linkToSpecial(LILLL)L (native)   (static)
    131    8       3       java.lang.Object::<init> (1 bytes)   made not entrant
    131   59       4       java.lang.CharacterData::of (120 bytes)
    131   17       3       java.lang.CharacterData::of (120 bytes)   made not entrant
    131   60       4       java.lang.Character::toUpperCaseEx (30 bytes)
    132    2       3       java.lang.String::hashCode (55 bytes)   made not entrant
    133   63       4       java.lang.CharacterDataLatin1::toUpperCaseEx (71 bytes)
    133   19       3       java.lang.Character::toUpperCaseEx (30 bytes)   made not entrant
    133   38       4       java.lang.String::length (6 bytes)
    133    6       3       java.lang.String::indexOf (70 bytes)   made not entrant
    133  193       3       jdk.internal.org.objectweb.asm.Frame::push (110 bytes)
    133   20       3       java.lang.CharacterDataLatin1::toUpperCaseEx (71 bytes)   made not entrant
    134  206       3       java.lang.invoke.LambdaForm::argument (27 bytes)
    134    5       3       java.lang.String::length (6 bytes)   made not entrant
    134  183       1       java.lang.invoke.MethodHandle::type (5 bytes)
    134  216       3       jdk.internal.org.objectweb.asm.Type::getType (269 bytes)
    134  217       4       jdk.internal.org.objectweb.asm.ByteVector::putUTF8 (142 bytes)
    134  218       3       jdk.internal.org.objectweb.asm.ClassWriter::addType (39 bytes)
    135  213       3       java.util.Arrays$ArrayList::size (6 bytes)
    135  219       3       jdk.internal.org.objectweb.asm.Frame::type (416 bytes)
    135  220       3       jdk.internal.org.objectweb.asm.Type::getArgumentsAndReturnSizes (151 bytes)
    136  223       4       java.lang.String::equals (81 bytes)
    136  221       3       java.lang.invoke.LambdaForm$NamedFunction::methodType (23 bytes)
    136  225 %     4       java.lang.String::toUpperCase @ 157 (439 bytes)
    136  222       3       jdk.internal.org.objectweb.asm.Frame::get (46 bytes)
    136  224       3       jdk.internal.org.objectweb.asm.MethodWriter::visitVarInsn (292 bytes)
    137  226     n 0       java.lang.Class::isInterface (native)   
    137  214       3       java.util.Arrays$ArrayList::get (7 bytes)
    137  227  s    3       java.lang.StringBuffer::append (15 bytes)
    137  202       1       java.lang.invoke.MethodTypeForm::erasedType (5 bytes)
    138  215       1       java.lang.invoke.LambdaForm::arity (5 bytes)
    138  185       1       java.net.URL::getPort (5 bytes)
    138  209       1       java.util.zip.ZipFile::access$000 (5 bytes)
    138  228       1       java.net.URLStreamHandler::getDefaultPort (2 bytes)
    138  229       3       jdk.internal.org.objectweb.asm.ByteVector::<init> (13 bytes)
    138  230       3       jdk.internal.org.objectweb.asm.ByteVector::putByteArray (49 bytes)
    138  232  s!   3       sun.misc.URLClassPath::getLoader (243 bytes)
    140  234       3       java.nio.charset.CharsetEncoder::maxBytesPerChar (5 bytes)
    140  231  s    3       sun.misc.URLClassPath::getNextLoader (88 bytes)
    141  233       3       java.lang.String::equalsIgnoreCase (48 bytes)
    141  238       1       java.security.CodeSource::getLocation (5 bytes)
    141  239   !   3       sun.misc.URLClassPath$JarLoader::getResource (85 bytes)
    141  242     n 0       sun.misc.Unsafe::compareAndSwapLong (native)   
    142  241       3       jdk.internal.org.objectweb.asm.ByteVector::putInt (74 bytes)
    142  243       3       java.util.zip.ZipFile::ensureOpen (37 bytes)
    142  244       3       java.util.zip.ZipCoder::getBytes (192 bytes)
    143  246     n 0       java.util.zip.ZipFile::getEntry (native)   (static)
    143  247     n 0       java.lang.Class::getComponentType (native)   
    143  245       3       java.util.zip.ZipCoder::encoder (35 bytes)
    144  249  s    3       java.lang.StringBuffer::toString (36 bytes)
    144  240       3       jdk.internal.org.objectweb.asm.ByteVector::enlarge (51 bytes)
    144  235       1       java.util.zip.ZipCoder::isUTF8 (5 bytes)
    144  237       1       java.net.URLClassLoader::access$000 (5 bytes)
    146    9       3       java.lang.String::equals (81 bytes)   made not entrant
    146  236       4       java.lang.String::lastIndexOf (52 bytes)
    147  250       3       java.lang.ref.SoftReference::get (29 bytes)
    148  251       3       java.util.HashMap::get (23 bytes)
    148   26       3       java.lang.String::lastIndexOf (52 bytes)   made not entrant
    148  248       4       java.util.concurrent.ConcurrentHashMap::setTabAt (19 bytes)
    149  252     n 0       java.util.zip.ZipFile::getEntryBytes (native)   (static)
    149  254       3       java.lang.String::indexOf (25 bytes)
    149  253       3       java.lang.String::indexOf (7 bytes)
    149  255       3       java.util.zip.ZipFile::access$400 (5 bytes)
    150  256       3       java.util.jar.JarFile::maybeInstantiateVerifier (96 bytes)
    150  257       3       java.util.HashMap::getNode (148 bytes)
    151  258       3       java.lang.Character::toUpperCase (6 bytes)
    151  261       3       sun.nio.cs.UTF_8$Decoder::decode (779 bytes)
    151  262     n 0       sun.misc.Unsafe::putLong (native)   
    152  264     n 0       sun.misc.Unsafe::getLong (native)   
    154   64       3       java.util.concurrent.ConcurrentHashMap::setTabAt (19 bytes)   made not entrant
    154  267       4       java.lang.String::replace (127 bytes)
    154  268       1       java.lang.Short::shortValue (5 bytes)
    155  270       3       java.io.ByteArrayOutputStream::ensureCapacity (16 bytes)
    155  266       3       java.util.concurrent.ConcurrentHashMap::addCount (292 bytes)
    156  272  s    3       java.io.ByteArrayOutputStream::write (32 bytes)
    156  273       3       java.io.DataOutputStream::incCount (20 bytes)
    156  274       3       sun.misc.ProxyGenerator$ConstantPool::getUtf8 (18 bytes)
    156  275       3       sun.misc.ProxyGenerator$ConstantPool::getValue (91 bytes)
    158  269       1       sun.misc.ProxyGenerator::access$300 (5 bytes)
    158  279       3       java.io.DataOutputStream::writeShort (35 bytes)
    158   91       3       jdk.internal.org.objectweb.asm.ByteVector::putUTF8 (142 bytes)   made not entrant
    158  271       4       java.lang.Math::min (11 bytes)
    158  278       3       java.io.DataOutputStream::writeByte (14 bytes)
    158  276       3       sun.misc.ProxyGenerator$ConstantPool$IndirectEntry::hashCode (15 bytes)
    158  277       3       sun.misc.ProxyGenerator$ConstantPool$Entry::<init> (5 bytes)
    158    3       3       java.lang.Math::min (11 bytes)   made not entrant
    158  263       3       java.nio.DirectLongBufferU::get (16 bytes)
    159  265       3       java.nio.DirectLongBufferU::put (18 bytes)
    159  280     n 0       java.lang.ClassLoader::findLoadedClass0 (native)   
    159  259       3       java.lang.Character::toUpperCase (9 bytes)
    159  260       3       java.lang.CharacterDataLatin1::toUpperCase (53 bytes)
    159  281       1       java.lang.reflect.Field::getName (5 bytes)
    160   75       3       java.lang.String::replace (127 bytes)   made not entrant
    160  282       3       java.lang.Class::searchFields (41 bytes)
    161  283     n 0       sun.reflect.Reflection::getCallerClass (native)   (static)
    161  284     n 0       java.lang.String::intern (native)   
    162  285       4       sun.nio.cs.UTF_8$Encoder::encode (359 bytes)
    163  286     n 0       java.util.zip.ZipFile::getEntrySize (native)   (static)
    163  287       3       java.lang.Class::reflectionData (49 bytes)
    163  288       3       java.lang.Class::checkInitted (19 bytes)
    164  289  s    3       java.lang.Throwable::fillInStackTrace (29 bytes)
    164  290       3       java.lang.String::lastIndexOf (151 bytes)
    164   45       3       sun.nio.cs.UTF_8$Encoder::encode (359 bytes)   made not entrant
    172  291       3       java.lang.Class::privateGetDeclaredFields (67 bytes)
    173  292  s    3       java.lang.StringBuffer::append (13 bytes)
    173  293       3       sun.reflect.ClassFileAssembler::emitByte (11 bytes)
    173  294       3       sun.reflect.ByteVectorImpl::add (38 bytes)
    186  295       3       java.lang.Class::getDeclaredField (34 bytes)
    186  296       3       sun.misc.MetaIndex::mayContain (51 bytes)
    186  297       4       java.lang.System::getSecurityManager (4 bytes)
    186  298       3       sun.reflect.ClassFileAssembler::emitShort (24 bytes)
    187  299       3       sun.reflect.ClassFileAssembler::cpi (22 bytes)
    187   24       3       java.lang.System::getSecurityManager (4 bytes)   made not entrant
    187  300       3       java.io.BufferedInputStream::getBufIfOpen (21 bytes)
    187  301       3       java.util.zip.ZStreamRef::address (5 bytes)
    188  302   !   3       java.util.zip.ZipFile::getEntry (101 bytes)
    188  303     n 0       java.lang.ClassLoader::findBootstrapClass (native)   
    188  304       3       sun.net.www.ParseUtil::encodePath (336 bytes)
    188  305     n 0       java.security.AccessController::doPrivileged (native)   (static)
    190  306       1       sun.misc.URLClassPath$JarLoader::access$600 (5 bytes)
    190  307   !   3       sun.misc.URLClassPath$JarLoader::ensureOpen (36 bytes)
    191  308       3       java.io.ObjectStreamField::isPrimitive (27 bytes)
    191  309       3       sun.reflect.ClassFileAssembler::emitConstantPoolUTF8 (50 bytes)
    191  310       3       sun.reflect.ByteVectorImpl::getLength (7 bytes)
    191  311       3       java.lang.ref.SoftReference::<init> (13 bytes)
    192  312       1       java.io.ObjectStreamField::getName (5 bytes)
    192  314       3       java.util.ArrayList::ensureCapacityInternal (13 bytes)
    192  315       3       java.util.ArrayList::calculateCapacity (16 bytes)
    192  316       3       java.util.ArrayList::ensureExplicitCapacity (26 bytes)
    192  319       4       sun.reflect.ClassFileAssembler::emitByte (11 bytes)
    192  313       3       java.util.ArrayList::add (29 bytes)
    193  317       1       java.io.ObjectStreamField::getField (5 bytes)
    193  320       3       sun.reflect.UTF8::utf8Length (81 bytes)
    193  322       4       sun.reflect.ByteVectorImpl::add (38 bytes)
    193  321   !   3       sun.reflect.UTF8::encode (191 bytes)
    194  318       3       java.util.AbstractCollection::<init> (5 bytes)
    194  323       3       sun.reflect.ByteVectorImpl::get (26 bytes)
    194  324   !   3       java.util.zip.ZipFile$ZipFileInputStream::read (131 bytes)
    194  294       3       sun.reflect.ByteVectorImpl::add (38 bytes)   made not entrant
    195  293       3       sun.reflect.ClassFileAssembler::emitByte (11 bytes)   made not entrant
    195  327       3       java.util.Arrays::copyOf (46 bytes)
    195  326       1       java.lang.reflect.Field::getType (5 bytes)
    195  328       4       java.util.Arrays::copyOfRange (63 bytes)
    195  325       3       java.util.zip.ZipFile::access$1300 (5 bytes)
    195  330       3       java.lang.reflect.AccessibleObject::<init> (5 bytes)
    196  329       1       java.lang.reflect.Field::getModifiers (5 bytes)
    196  331       3       java.lang.Class::searchMethods (90 bytes)
    197  332       3       java.io.ObjectStreamClass::requireInitialized (18 bytes)
    198   22       3       java.util.Arrays::copyOfRange (63 bytes)   made not entrant
    198  333     n 0       java.util.zip.ZipFile::getEntryCSize (native)   (static)
    199  334     n 0       java.util.zip.ZipFile::getEntryMethod (native)   (static)
    200  335     n 0       java.util.zip.ZipFile::freeEntry (native)   (static)
    201  336   !   3       java.net.URLClassLoader::findClass (47 bytes)
    201  337       3       java.net.URLClassLoader$1::<init> (15 bytes)
    202  338       1       sun.misc.URLClassPath$Loader::getBaseURL (5 bytes)
    202  339       1       java.util.jar.JarFile::access$300 (5 bytes)
    202  340  s!   3       java.net.URLStreamHandler::getHostAddress (54 bytes)
    202  341     n 0       java.lang.Class::isAssignableFrom (native)   
    202  342     n 0       java.lang.Throwable::fillInStackTrace (native)   
    218  344       3       sun.reflect.ClassFileAssembler::setStack (25 bytes)
    219  345       3       java.lang.Throwable::<init> (34 bytes)
    219  343       3       sun.reflect.AccessorGenerator::sub (5 bytes)
    219  346       3       java.lang.String::concat (47 bytes)
    220  348       3       java.lang.Class::checkMemberAccess (49 bytes)
    220  350       3       java.lang.String::regionMatches (149 bytes)
    221  347       3       java.lang.String::getChars (16 bytes)
    221  351       3       java.lang.String::substring (56 bytes)
    221  352       3       java.lang.AbstractStringBuilder::append (40 bytes)
    221  357       3       java.io.ObjectInputStream$PeekInputStream::readFully (48 bytes)
    221  353  s    3       java.io.BufferedInputStream::read (113 bytes)
    222  354       3       java.io.BufferedInputStream::read1 (108 bytes)
    222  360       4       java.lang.String::<init> (82 bytes)
    222  355       3       java.io.ObjectInputStream$PeekInputStream::read (115 bytes)
    222  364       4       sun.reflect.ByteVectorImpl::getLength (7 bytes)
    223  356       3       java.io.ObjectInputStream$BlockDataInputStream::read (62 bytes)
    223  363       3       java.lang.reflect.Modifier::isStatic (13 bytes)
    223  362       1       java.io.ObjectStreamField::getSignature (5 bytes)
    223  310       3       sun.reflect.ByteVectorImpl::getLength (7 bytes)   made not entrant
    223  365       3       java.io.ObjectStreamField::getTypeCode (9 bytes)
    223  361       1       java.io.ObjectStreamField::getOffset (5 bytes)
    223  359       1       java.io.ObjectStreamField::isUnshared (5 bytes)
    223  366       3       java.io.ObjectStreamField::setOffset (6 bytes)
    224  367       3       java.io.ObjectStreamField::getClassSignature (242 bytes)
    226   14       3       java.lang.String::<init> (82 bytes)   made not entrant
    226  370       3       java.util.HashMap::putVal (300 bytes)
    227  368       3       java.io.ObjectStreamField::<init> (69 bytes)
    227  375       3       sun.reflect.ReflectionFactory::langReflectAccess (15 bytes)
    228  369       3       java.util.HashMap::put (13 bytes)
    228  371       3       java.util.HashMap$Node::<init> (26 bytes)
    228  372       3       java.util.HashMap::newNode (13 bytes)
    228  373       3       java.util.HashMap::afterNodeInsertion (1 bytes)
    228  358       1       java.lang.reflect.Constructor::getDeclaringClass (5 bytes)
    228  374       1       sun.reflect.ClassFileAssembler::getStack (5 bytes)
    228  349       3       java.util.BitSet::checkInvariants (111 bytes)
    228  379     n 0       sun.misc.Unsafe::objectFieldOffset (native)   
    228  378       3       java.util.HashSet::add (20 bytes)
    228  381       4       java.lang.String::getChars (62 bytes)
    229  382       4       java.lang.AbstractStringBuilder::append (50 bytes)
    229  380       3       java.lang.Long::valueOf (36 bytes)
    229  383       3       sun.reflect.ClassFileAssembler::emitConstantPoolNameAndType (28 bytes)
    229  385     n 0       java.lang.Class::getSuperclass (native)   
    229  376       3       java.lang.Long::hashCode (8 bytes)
    229  377       3       java.lang.Long::hashCode (8 bytes)
    230  384       3       java.util.AbstractList::<init> (10 bytes)
    230  386       3       java.lang.Exception::<init> (6 bytes)
    230  387       3       java.lang.ReflectiveOperationException::<init> (6 bytes)
    230   11       3       java.lang.String::getChars (62 bytes)   made not entrant
    231  388       1       java.lang.reflect.Constructor::getModifiers (5 bytes)
    231  393   !   3       java.io.ObjectInputStream$BlockDataInputStream::readUTFSpan (502 bytes)
    232  395       4       sun.reflect.ClassFileAssembler::emitConstantPoolUTF8 (50 bytes)
    232  391       3       java.io.ObjectInputStream$BlockDataInputStream::readUTFBody (156 bytes)
    233  394       3       sun.reflect.ClassFileAssembler::emitConstantPoolClass (23 bytes)
    233  389       3       java.io.ObjectInputStream$BlockDataInputStream::readUTF (10 bytes)
    233  398       3       sun.reflect.ClassFileAssembler::emitConstantPoolMethodref (28 bytes)
    233   10       3       java.lang.AbstractStringBuilder::append (50 bytes)   made not entrant
    234  390       3       java.io.ObjectInputStream$BlockDataInputStream::readUnsignedShort (76 bytes)
    234  392       3       java.lang.Math::min (12 bytes)
    234  399       4       sun.reflect.UTF8::utf8Length (81 bytes)
    234  396       3       java.util.ArrayList$Itr::next (66 bytes)
    234  401  s    3       java.io.BufferedInputStream::read (49 bytes)
    235  403       3       java.io.ObjectInputStream$BlockDataInputStream::readByte (20 bytes)
    235  397       3       java.util.ArrayList$Itr::checkForComodification (23 bytes)
    235  404       3       java.io.Bits::getBoolean (12 bytes)
    235  400       3       java.io.ObjectInputStream$BlockDataInputStream::peekByte (20 bytes)
    235  402       1       java.io.ObjectInputStream$BlockDataInputStream::getBlockDataMode (5 bytes)
    236  405       3       java.util.WeakHashMap::maskNull (12 bytes)
    236  406       3       java.util.WeakHashMap::hash (28 bytes)
    236  407       3       java.util.WeakHashMap::getTable (9 bytes)
    236  408   !   3       java.util.WeakHashMap::expungeStaleEntries (139 bytes)
    236  320       3       sun.reflect.UTF8::utf8Length (81 bytes)   made not entrant
    237  409       3       java.util.WeakHashMap::indexFor (6 bytes)
    237  410       4       java.lang.StringBuilder::append (8 bytes)
    240  411       3       sun.misc.URLClassPath::getResource (83 bytes)
    240  412       3       java.lang.String::lastIndexOf (11 bytes)
    241  413       3       java.lang.String::lastIndexOf (25 bytes)
    241  414       3       java.lang.ref.Finalizer::register (10 bytes)
    241  415       3       java.lang.ref.Finalizer::<init> (23 bytes)
    241  416       3       sun.misc.Launcher$AppClassLoader::loadClass (85 bytes)
    242  417       3       java.io.InputStream::<init> (5 bytes)
    242  418   !   3       java.util.zip.Inflater::inflate (113 bytes)
    242   51       3       java.lang.StringBuilder::append (8 bytes)   made not entrant
    243  419   !   3       java.lang.ClassLoader::getPackage (118 bytes)
    243  420       3       java.util.WeakHashMap::remove (133 bytes)
    244  421       3       sun.misc.PerfCounter::addElapsedTimeFrom (10 bytes)
    245  422       3       java.lang.ClassLoader::loadClass (7 bytes)
    246  423       3       java.nio.charset.CharsetDecoder::maxCharsPerByte (5 bytes)
    246  309       3       sun.reflect.ClassFileAssembler::emitConstantPoolUTF8 (50 bytes)   made not entrant
    246  424       3       java.util.Vector::ensureCapacityHelper (16 bytes)
    247  425       4       java.util.concurrent.ConcurrentHashMap::tabAt (21 bytes)
    247  426       3       java.util.ArrayList$Itr::hasNext (20 bytes)
    248  427   !   3       java.util.zip.ZipFile$ZipFileInputStream::close (110 bytes)
    248   30       3       java.util.concurrent.ConcurrentHashMap::tabAt (21 bytes)   made not entrant
    248  428       3       java.net.URLClassLoader$1::run (5 bytes)
    249  429   !   3       java.net.URLClassLoader$1::run (63 bytes)
    249  430  s    3       sun.misc.Resource::cachedInputStream (20 bytes)
    249  431       3       java.security.CodeSource::getCertificates (98 bytes)
    250  432       3       java.util.zip.Inflater::ensureOpen (47 bytes)
    250  433  s    3       java.util.Vector::addElement (38 bytes)
    251  434       3       java.util.zip.ZipEntry::<init> (146 bytes)
    251  437     n 0       java.util.zip.Inflater::inflateBytes (native)   
    251  435   !   3       java.util.zip.InflaterInputStream::read (138 bytes)
    252  436       3       java.util.zip.InflaterInputStream::ensureOpen (18 bytes)
    252  438   !   3       java.util.zip.Inflater::ended (32 bytes)
    253  439       1       java.util.jar.Manifest::getMainAttributes (5 bytes)
    253  440       1       java.util.jar.Manifest::getEntries (5 bytes)
    256  441       3       java.lang.reflect.Field::<init> (44 bytes)
    258  442       3       java.lang.Class::getDeclaredMethod (67 bytes)
    262  443       3       sun.misc.FDBigInteger::mult (64 bytes)
    262  444       3       sun.misc.FDBigInteger::<init> (30 bytes)
    262  445       3       sun.misc.FDBigInteger::trimLeadingZeros (57 bytes)
    263  267       4       java.lang.String::replace (127 bytes)   made not entrant
    264  446  s    3       java.util.Hashtable::put (104 bytes)
    264  447       3       java.util.Hashtable::addEntry (87 bytes)
    265  448       1       java.util.HashMap$Node::getKey (5 bytes)
    265  450       4       java.lang.String::indexOf (166 bytes)
    265  449       1       java.util.HashMap$Node::getValue (5 bytes)
    265  451       1       java.util.LinkedHashMap::removeEldestEntry (2 bytes)
    265  452       3       java.lang.String::toLowerCase (439 bytes)
    265  453       4       java.lang.String::toUpperCase (439 bytes)
    266  454       3       java.util.AbstractMap::<init> (5 bytes)
    266  455       3       java.util.ArrayList::rangeCheck (22 bytes)
    266  456       3       java.util.ArrayList::elementData (7 bytes)
    267  457       3       java.lang.ref.WeakReference::<init> (7 bytes)
    267  458       3       java.io.ObjectOutputStream$BlockDataOutputStream::writeByte (33 bytes)
    267  459       3       java.io.ObjectOutputStream$BlockDataOutputStream::writeShort (47 bytes)
    267  460       3       java.io.Bits::putShort (16 bytes)
    268  461       1       java.io.ObjectStreamClass$WeakClassKey::hashCode (5 bytes)
    268  462       3       java.io.ObjectOutputStream$BlockDataOutputStream::getUTFLength (124 bytes)
    268  464     n 0       java.lang.System::identityHashCode (native)   (static)
    268  465     n 0       sun.misc.Unsafe::getBoolean (native)   
    268  463       3       java.io.ObjectOutputStream$BlockDataOutputStream::writeBytes (144 bytes)
    269  466       3       java.io.Bits::putBoolean (14 bytes)
    269  467       3       java.lang.Class::getReflectionFactory (26 bytes)
    269  468       3       java.io.ObjectOutputStream$HandleTable::hash (8 bytes)
    269   97       3       java.lang.String::indexOf (166 bytes)   made not entrant
    270  469       3       java.lang.NoSuchFieldException::<init> (6 bytes)
    270  470       3       java.lang.reflect.Field::copy (76 bytes)
    272  471       3       java.util.jar.JarFile::getManifest (5 bytes)
# Warmup Iteration   1:     275  472  s    3       sun.misc.URLClassPath::getLookupCache (98 bytes)
    275  475       3       java.lang.String::replace (127 bytes)
    275  474   !   3       java.lang.ref.Finalizer::add (41 bytes)
    275  473       3       java.util.BitSet::get (69 bytes)
    277   62       3       java.lang.String::toUpperCase (439 bytes)   made not entrant
    277  476       3       java.lang.ClassLoader::addClass (9 bytes)
    277  477       3       sun.misc.SharedSecrets::javaUtilJarAccess (18 bytes)
    278  478       3       java.util.jar.Attributes$Name::hashCode (24 bytes)
    278  479       3       java.util.jar.Attributes::getValue (9 bytes)
    278  480       3       java.util.jar.Attributes::get (11 bytes)
    279  481   !   3       java.net.URL::<init> (543 bytes)
    280  484       4       java.lang.String::startsWith (72 bytes)
    281  482       3       java.net.URL::toString (5 bytes)
    282  483       3       java.net.URL::toExternalForm (9 bytes)
    282  485       3       java.nio.charset.CharsetDecoder::reset (11 bytes)
    282  486       3       java.nio.charset.CharsetDecoder::implReset (1 bytes)
    282  487       3       java.lang.Thread::interrupted (8 bytes)
    283   23       3       java.lang.String::startsWith (72 bytes)   made not entrant
    284  488     n 0       java.util.zip.ZipFile::read (native)   (static)
    284  489   !   3       java.util.zip.ZipFile::getInputStream (304 bytes)
    285  490       3       java.util.zip.ZipFile$ZipFileInputStream::<init> (41 bytes)
    285  492       3       kotlin.coroutines.jvm.internal.Boxing::boxLong (9 bytes)
    285  493       3       flow.FlowKt$count$$inlined$collect$1::emit (30 bytes)
    285  491       3       java.util.zip.ZipEntry::<init> (43 bytes)
    285  494       4       flow.FlowKt$count$$inlined$collect$1::emit (30 bytes)
    286  495       4       kotlin.coroutines.jvm.internal.Boxing::boxLong (9 bytes)
    286  493       3       flow.FlowKt$count$$inlined$collect$1::emit (30 bytes)   made not entrant
    287  492       3       kotlin.coroutines.jvm.internal.Boxing::boxLong (9 bytes)   made not entrant
    288  496       3       kotlin.jvm.internal.Intrinsics::checkParameterIsNotNull (9 bytes)
    292  497 %     3       flow.FlowBenchmark$numbers$$inlined$flow$1::collect @ 109 (255 bytes)
    293  498       3       flow.FlowBenchmark$numbers$$inlined$flow$1::collect (255 bytes)
compilation bailout: live_in set of first block not empty
    294  498       3       flow.FlowBenchmark$numbers$$inlined$flow$1::collect (255 bytes)   COMPILE SKIPPED: live_in set of first block not empty (retry at different tier)
    294  499       3       kotlin.coroutines.jvm.internal.ContinuationImpl::getContext (12 bytes)
    295  501       3       kotlin.coroutines.jvm.internal.ContinuationImpl::<init> (11 bytes)
    295  502       3       kotlin.coroutines.jvm.internal.BaseContinuationImpl::<init> (10 bytes)
    295  503       3       kotlin.coroutines.intrinsics.IntrinsicsKt__IntrinsicsKt::getCOROUTINE_SUSPENDED (4 bytes)
    296  500       3       kotlin.coroutines.jvm.internal.ContinuationImpl::<init> (21 bytes)
    296  504       3       kotlin.ResultKt::throwOnFailure (16 bytes)
    297  505       1       java.lang.Integer::intValue (5 bytes)
    297  506       3       java.lang.Integer::<init> (10 bytes)
    298  507       3       flow.FlowBenchmark$flowBaseline$1::<init> (12 bytes)
    298  508       3       kotlin.coroutines.jvm.internal.SuspendLambda::<init> (11 bytes)
    298  509       3       kotlin.Result::constructor-impl (2 bytes)
    307  510       3       flow.FlowBenchmark::flowBaseline (36 bytes)
    307  511       3       flow.FlowBenchmark$Completion::<init> (5 bytes)
    307  512       3       kotlin.coroutines.jvm.internal.Boxing::boxInt (9 bytes)
    311  513       3       flow.FlowBenchmark$numbers$$inlined$flow$1$1::<init> (11 bytes)
    311  514       4       kotlin.coroutines.intrinsics.IntrinsicsKt__IntrinsicsKt::getCOROUTINE_SUSPENDED (4 bytes)
    312  503       3       kotlin.coroutines.intrinsics.IntrinsicsKt__IntrinsicsKt::getCOROUTINE_SUSPENDED (4 bytes)   made not entrant
    316  515       3       kotlin.coroutines.intrinsics.IntrinsicsKt__IntrinsicsJvmKt::createCoroutineUnintercepted (116 bytes)
    317  516       3       kotlin.coroutines.jvm.internal.DebugProbesKt::probeCoroutineCreated (8 bytes)
    317  517       3       flow.FlowBenchmark$flowBaseline$1::create (21 bytes)
    317  518       3       flow.FlowBenchmark$Completion::getContext (7 bytes)
    317  519       3       kotlin.coroutines.intrinsics.IntrinsicsKt__IntrinsicsJvmKt::intercepted (36 bytes)
    317  520       3       kotlin.coroutines.jvm.internal.ContinuationImpl::releaseIntercepted (59 bytes)
    326  521   !   3       kotlin.coroutines.jvm.internal.BaseContinuationImpl::resumeWith (145 bytes)
    327  522       3       kotlin.coroutines.jvm.internal.DebugProbesKt::probeCoroutineResumed (7 bytes)
    327  523       3       flow.FlowBenchmark$flowBaseline$1::invokeSuspend (75 bytes)
    327  524       3       flow.FlowBenchmark::access$numbers (5 bytes)
    327  525       3       flow.FlowBenchmark::numbers (13 bytes)
    328  526       3       flow.FlowBenchmark$numbers$$inlined$flow$1::<init> (5 bytes)
    328  527       3       flow.FlowKt::count (216 bytes)
    328  528       3       flow.FlowKt$count$1::<init> (6 bytes)
    329  530       3       kotlin.coroutines.jvm.internal.ContinuationImpl::intercepted (74 bytes)
    329  531       3       kotlin.coroutines.EmptyCoroutineContext::get (8 bytes)
    329  529       3       flow.FlowBenchmark$Completion::resumeWith (52 bytes)
    335  532       3       org.openjdk.jmh.infra.Blackhole::consume (28 bytes)
    335  533       3       kotlin.coroutines.ContinuationKt::startCoroutine (55 bytes)
    336  534       4       kotlin.Result::constructor-impl (2 bytes)
    336  509       3       kotlin.Result::constructor-impl (2 bytes)   made not entrant
    337  535       4       flow.FlowBenchmark$numbers$$inlined$flow$1::collect (255 bytes)
    337  535       4       flow.FlowBenchmark$numbers$$inlined$flow$1::collect (255 bytes)   COMPILE SKIPPED: Non-reducible loop (not retryable)
    415  536       4       kotlin.coroutines.jvm.internal.ContinuationImpl::getContext (12 bytes)
    416  499       3       kotlin.coroutines.jvm.internal.ContinuationImpl::getContext (12 bytes)   made not entrant
    437  537       4       kotlin.ResultKt::throwOnFailure (16 bytes)
    438  504       3       kotlin.ResultKt::throwOnFailure (16 bytes)   made not entrant
    445  538     n 0       java.lang.Object::notifyAll (native)   
    445  539       3       sun.misc.VM::addFinalRefCount (24 bytes)
    445  540   !   3       java.lang.ref.Reference::tryHandlePending (115 bytes)
    446  541   !   3       java.lang.ref.ReferenceQueue::enqueue (119 bytes)
    447  542       3       java.lang.ref.ReferenceQueue::reallyPoll (65 bytes)
    447  543       3       java.lang.ref.Finalizer::access$000 (4 bytes)
    447  544       3       java.lang.ref.ReferenceQueue::remove (6 bytes)
    447  545   !   3       java.lang.ref.ReferenceQueue::remove (125 bytes)
    612  546       4       flow.FlowBenchmark$numbers$$inlined$flow$1$1::<init> (11 bytes)
    615  513       3       flow.FlowBenchmark$numbers$$inlined$flow$1$1::<init> (11 bytes)   made not entrant
    624  547       4       flow.FlowBenchmark::flowBaseline (36 bytes)
    625  548       4       kotlin.coroutines.ContinuationKt::startCoroutine (55 bytes)
    632  549       4       kotlin.coroutines.intrinsics.IntrinsicsKt__IntrinsicsJvmKt::createCoroutineUnintercepted (116 bytes)
    635  515       3       kotlin.coroutines.intrinsics.IntrinsicsKt__IntrinsicsJvmKt::createCoroutineUnintercepted (116 bytes)   made not entrant
    635  550       4       flow.FlowBenchmark$flowBaseline$1::create (21 bytes)
    636  510       3       flow.FlowBenchmark::flowBaseline (36 bytes)   made not entrant
    638  533       3       kotlin.coroutines.ContinuationKt::startCoroutine (55 bytes)   made not entrant
    638  517       3       flow.FlowBenchmark$flowBaseline$1::create (21 bytes)   made not entrant
    640  551       4       org.openjdk.jmh.infra.Blackhole::consume (28 bytes)
    640  532       3       org.openjdk.jmh.infra.Blackhole::consume (28 bytes)   made not entrant
   1281  552       3       java.security.CodeSource::equals (60 bytes)
   1281  553       3       java.net.URL::equals (24 bytes)
   1283  554       3       java.lang.String::compareTo (78 bytes)
   1284  555       3       sun.reflect.ClassFileAssembler::getLength (11 bytes)
   1285  556       3       sun.reflect.ClassFileAssembler::incStack (11 bytes)
   1285  557     n 0       java.security.AccessController::doPrivileged (native)   (static)
   1285  558       1       java.io.ObjectStreamClass$FieldReflectorKey::hashCode (5 bytes)
   1285  559       3       sun.reflect.ReflectionFactory::copyField (10 bytes)
   1285  561       3       java.lang.reflect.ReflectAccess::copyField (5 bytes)
   1286  560       3       java.lang.reflect.Executable::<init> (5 bytes)
   1286  562       3       java.io.ObjectOutputStream$BlockDataOutputStream::writeUTF (46 bytes)
58.610 us/op
# Warmup Iteration   2:    2287  563     n 0       sun.misc.Unsafe::compareAndSwapInt (native)   
   2288  564       3       java.io.ObjectOutputStream$HandleTable::lookup (56 bytes)
   2288  565       3       java.io.ObjectOutputStream$BlockDataOutputStream::setBlockDataMode (35 bytes)
54.309 us/op
# Warmup Iteration   3:    3293  566       3       java.io.ObjectOutputStream$HandleTable::insert (39 bytes)
   3293    2       3       java.lang.String::hashCode (55 bytes)   made zombie
   3293    3       3       java.lang.Math::min (11 bytes)   made zombie
   3293    4       3       java.lang.String::charAt (29 bytes)   made zombie
   3293    6       3       java.lang.String::indexOf (70 bytes)   made zombie
   3293    5       3       java.lang.String::length (6 bytes)   made zombie
   3293    8       3       java.lang.Object::<init> (1 bytes)   made zombie
   3293    9       3       java.lang.String::equals (81 bytes)   made zombie
56.758 us/op
   3293   10       3       java.lang.AbstractStringBuilder::append (50 bytes)   made zombie
   3293   11       3       java.lang.String::getChars (62 bytes)   made zombie
   3293   14       3       java.lang.String::<init> (82 bytes)   made zombie
   3293   17       3       java.lang.CharacterData::of (120 bytes)   made zombie
   3293   18       3       java.lang.CharacterDataLatin1::getProperties (11 bytes)   made zombie
   3293   19       3       java.lang.Character::toUpperCaseEx (30 bytes)   made zombie
   3293   20       3       java.lang.CharacterDataLatin1::toUpperCaseEx (71 bytes)   made zombie
   3294   22       3       java.util.Arrays::copyOfRange (63 bytes)   made zombie
   3294   23       3       java.lang.String::startsWith (72 bytes)   made zombie
   3294   24       3       java.lang.System::getSecurityManager (4 bytes)   made zombie
   3294   26       3       java.lang.String::lastIndexOf (52 bytes)   made zombie
   3294   30       3       java.util.concurrent.ConcurrentHashMap::tabAt (21 bytes)   made zombie
# Warmup Iteration   4:    3692  567 %     3       flow.generated.FlowBenchmark_flowBaseline_jmhTest::flowBaseline_avgt_jmhStub @ 13 (56 bytes)
   3693   45       3       sun.nio.cs.UTF_8$Encoder::encode (359 bytes)   made zombie
   3693   51       3       java.lang.StringBuilder::append (8 bytes)   made zombie
   3693   62       3       java.lang.String::toUpperCase (439 bytes)   made zombie
   3693   64       3       java.util.concurrent.ConcurrentHashMap::setTabAt (19 bytes)   made zombie
   3693   75       3       java.lang.String::replace (127 bytes)   made zombie
   3749  568       3       flow.generated.FlowBenchmark_flowBaseline_jmhTest::flowBaseline_avgt_jmhStub (56 bytes)
   3749   91       3       jdk.internal.org.objectweb.asm.ByteVector::putUTF8 (142 bytes)   made zombie
   3749   97       3       java.lang.String::indexOf (166 bytes)   made zombie
   4295  569       1       java.util.concurrent.locks.AbstractQueuedSynchronizer::getState (5 bytes)
   4295  570       3       java.io.ObjectStreamClass$Caches::access$200 (4 bytes)
   4295  571       1       java.io.ObjectStreamClass::getPrimDataSize (5 bytes)
   4296  572       1       java.io.ObjectStreamClass::getNumObjFields (5 bytes)
55.790 us/op
# Warmup Iteration   5:    5298  573       3       java.io.ObjectStreamClass::forClass (52 bytes)
55.425 us/op
# Warmup Iteration   6:    5300  267       4       java.lang.String::replace (127 bytes)   made zombie
   5968  574 %     4       flow.generated.FlowBenchmark_flowBaseline_jmhTest::flowBaseline_avgt_jmhStub @ 13 (56 bytes)
   5977  293       3       sun.reflect.ClassFileAssembler::emitByte (11 bytes)   made zombie
   5977  294       3       sun.reflect.ByteVectorImpl::add (38 bytes)   made zombie
   5977  309       3       sun.reflect.ClassFileAssembler::emitConstantPoolUTF8 (50 bytes)   made zombie
   5977  310       3       sun.reflect.ByteVectorImpl::getLength (7 bytes)   made zombie
   5977  320       3       sun.reflect.UTF8::utf8Length (81 bytes)   made zombie
   5977  567 %     3       flow.generated.FlowBenchmark_flowBaseline_jmhTest::flowBaseline_avgt_jmhStub @ -7 (56 bytes)   made not entrant
55.809 us/op
# Warmup Iteration   7:    6431  575       4       flow.generated.FlowBenchmark_flowBaseline_jmhTest::flowBaseline_avgt_jmhStub (56 bytes)
   6436  568       3       flow.generated.FlowBenchmark_flowBaseline_jmhTest::flowBaseline_avgt_jmhStub (56 bytes)   made not entrant
   7307  576     n 0       java.lang.Thread::isInterrupted (native)   
56.557 us/op
Iteration   1:    8310  577  s    3       java.io.BufferedOutputStream::write (67 bytes)
   8311  578   !   3       java.util.zip.ZipFile$ZipFileInflaterInputStream::close (67 bytes)
56.920 us/op
   8311  503       3       kotlin.coroutines.intrinsics.IntrinsicsKt__IntrinsicsKt::getCOROUTINE_SUSPENDED (4 bytes)   made zombie
   8311  492       3       kotlin.coroutines.jvm.internal.Boxing::boxLong (9 bytes)   made zombie
   8311  493       3       flow.FlowKt$count$$inlined$collect$1::emit (30 bytes)   made zombie
   8311  499       3       kotlin.coroutines.jvm.internal.ContinuationImpl::getContext (12 bytes)   made zombie
Iteration   2:    9314  579       3       java.io.Bits::putInt (36 bytes)
   9314  504       3       kotlin.ResultKt::throwOnFailure (16 bytes)   made zombie
   9314  509       3       kotlin.Result::constructor-impl (2 bytes)   made zombie
   9314  581       3       java.io.ObjectOutputStream$BlockDataOutputStream::writeInt (46 bytes)
   9315  580       3       java.io.ObjectStreamClass::processQueue (21 bytes)
57.348 us/op
Iteration   3:    9315  582       1       java.util.concurrent.locks.AbstractOwnableSynchronizer::getExclusiveOwnerThread (5 bytes)
   9315  583       1       java.util.concurrent.atomic.AtomicInteger::get (5 bytes)
  10317  584       3       java.io.ObjectOutputStream::writeHandle (21 bytes)
57.909 us/op
Iteration   4:   11319  585       3       java.io.ObjectOutputStream$BlockDataOutputStream::drain (45 bytes)
57.854 us/op
Iteration   5:   12324  586       3       java.util.concurrent.locks.AbstractOwnableSynchronizer::setExclusiveOwnerThread (6 bytes)
56.938 us/op
Iteration   6: 57.903 us/op
Iteration   7:   14330  587   !   3       java.io.ObjectStreamClass::lookup (335 bytes)
57.790 us/op
  14331  588       4       sun.reflect.ClassFileAssembler::emitShort (24 bytes)
  14333  590  s    3       java.io.ByteArrayOutputStream::write (66 bytes)
  14334  591   !   3       java.io.ObjectOutputStream::writeObject0 (619 bytes)


Result "flow.FlowBenchmark.flowBaseline":
  57.523 (99.9%) 1.012 us/op [Average]
  (min, avg, max) = (56.920, 57.523, 57.909), stdev = 0.449
  CI (99.9%): [56.511, 58.535] (assumes normal distribution)


# Run complete. Total time: 00:00:14

REMEMBER: The numbers below are just data. To gain reusable insights, you need to follow up on
why the numbers are the way they are. Use profilers (see -prof, -lprof), design factorial
experiments, perform baseline and negative tests that provide experimental control, make sure
the benchmarking environment is safe on JVM/OS/HW level, ask for reviews from the domain experts.
Do not assume the numbers tell you what you want them to tell.

Benchmark                   Mode  Cnt   Score   Error  Units
FlowBenchmark.flowBaseline  avgt    7  57.523  1.012  us/op
